\BOOKMARK [0][-]{chapter*.6}{\376\377\000L\036\335\000i\000\040\000m\036\337\000\040\001\021\036\247\000u}{}% 1
\BOOKMARK [0][-]{chapter.1}{\376\377\000G\000i\036\333\000i\000\040\000t\000h\000i\036\307\000u}{}% 2
\BOOKMARK [1][-]{section.1.1}{\376\377\000T\036\325\000n\000g\000\040\000q\000u\000a\000n\000\040\000v\036\301\000\040\001\021\036\301\000\040\000t\000\340\000i}{chapter.1}% 3
\BOOKMARK [1][-]{section.1.2}{\376\377\000B\000\340\000i\000\040\000t\000o\000\341\000n\000\040\000n\000g\000h\000i\000\352\000n\000\040\000c\036\351\000u\000\040\000c\036\347\000a\000\040\001\021\036\301\000\040\000t\000\340\000i}{chapter.1}% 4
\BOOKMARK [1][-]{section.1.3}{\376\377\000M\036\345\000c\000\040\000t\000i\000\352\000u\000\040\001\021\036\267\000t\000\040\000r\000a\000\040\000v\000\340\000\040\000h\001\260\036\333\000n\000g\000\040\000t\000i\036\277\000p\000\040\000c\036\255\000n\000\040\000v\036\245\000n\000\040\001\021\036\301}{chapter.1}% 5
\BOOKMARK [1][-]{section.1.4}{\376\377\001\020\036\321\000i\000\040\000t\001\260\036\343\000n\000g\000\040\000n\000g\000h\000i\000\352\000n\000\040\000c\036\351\000u}{chapter.1}% 6
\BOOKMARK [0][-]{chapter.2}{\376\377\000C\001\241\000\040\000s\036\337\000\040\000l\000\375\000\040\000t\000h\000u\000y\036\277\000t}{}% 7
\BOOKMARK [1][-]{section.2.1}{\376\377\000T\036\245\000n\000\040\000c\000\364\000n\000g\000\040\000t\036\353\000\040\000c\000h\036\321\000i\000\040\000d\036\313\000c\000h\000\040\000v\036\345\000\040\000\050\000D\000o\000S\000\051\000\040\000v\000\340\000\040\000t\036\245\000n\000\040\000c\000\364\000n\000g\000\040\000t\036\353\000\040\000c\000h\036\321\000i\000\040\000d\036\313\000c\000h\000\040\000v\036\345\000\040\000p\000h\000\342\000n\000\040\000t\000\341\000n\000\040\000\050\000D\000D\000o\000S\000\051}{chapter.2}% 8
\BOOKMARK [2][-]{subsection.2.1.1}{\376\377\000T\036\245\000n\000\040\000c\000\364\000n\000g\000\040\000t\036\353\000\040\000c\000h\036\321\000i\000\040\000d\036\313\000c\000h\000\040\000v\036\345}{section.2.1}% 9
\BOOKMARK [2][-]{subsection.2.1.2}{\376\377\000T\036\245\000n\000\040\000c\000\364\000n\000g\000\040\000t\036\353\000\040\000c\000h\036\321\000i\000\040\000d\036\313\000c\000h\000\040\000v\036\345\000\040\000p\000h\000\342\000n\000\040\000t\000\341\000n}{section.2.1}% 10
\BOOKMARK [1][-]{section.2.2}{\376\377\000M\036\241\000n\000g\000\040\001\021\036\313\000n\000h\000\040\000n\000g\000h\001\051\000a\000\040\000b\036\261\000n\000g\000\040\000p\000h\036\247\000n\000\040\000m\036\301\000m\000\040\000\050\000S\000o\000f\000t\000w\000a\000r\000e\000\040\000D\000e\000f\000i\000n\000e\000d\000\040\000N\000e\000t\000w\000o\000r\000k\000\051}{chapter.2}% 11
\BOOKMARK [2][-]{subsection.2.2.1}{\376\377\000S\000o\000f\000t\000w\000a\000r\000e\000\040\000d\000e\000f\000i\000n\000e\000d\000\040\000n\000e\000t\000w\000o\000r\000k\000\040\000l\000\340\000\040\000g\000\354}{section.2.2}% 12
\BOOKMARK [2][-]{subsection.2.2.2}{\376\377\000O\000p\000e\000n\000\040\000v\000S\000w\000i\000t\000c\000h}{section.2.2}% 13
\BOOKMARK [2][-]{subsection.2.2.3}{\376\377\000V\000a\000i\000\040\000t\000r\000\362\000\040\000c\036\347\000a\000\040\000S\000D\000N\000\040\000c\000o\000n\000t\000r\000o\000l\000l\000e\000r}{section.2.2}% 14
\BOOKMARK [1][-]{section.2.3}{\376\377\000H\036\315\000c\000\040\000m\000\341\000y\000\040\000\050\000M\000a\000c\000h\000i\000n\000e\000\040\000L\000e\000a\000r\000n\000i\000n\000g\000\051}{chapter.2}% 15
\BOOKMARK [2][-]{subsection.2.3.1}{\376\377\000H\036\315\000c\000\040\000m\000\341\000y\000\040\000l\000\340\000\040\000g\000\354\000?}{section.2.3}% 16
\BOOKMARK [2][-]{subsection.2.3.2}{\376\377\000M\000\364\000\040\000h\000\354\000n\000h\000\040\000h\036\315\000c\000\040\000m\000\341\000y}{section.2.3}% 17
\BOOKMARK [2][-]{subsection.2.3.3}{\376\377\000T\000h\001\260\000\040\000v\000i\036\307\000n\000\040\000s\000c\000i\000k\000i\000t\000-\000l\000e\000a\000r\000n}{section.2.3}% 18
\BOOKMARK [1][-]{section.2.4}{\376\377\000H\036\315\000c\000\040\000s\000\342\000u\000\040\000\050\000D\000e\000e\000p\000\040\000l\000e\000a\000r\000n\000i\000n\000g\000\051}{chapter.2}% 19
\BOOKMARK [2][-]{subsection.2.4.1}{\376\377\000H\036\315\000c\000\040\000s\000\342\000u\000\040\000l\000\340\000\040\000g\000\354}{section.2.4}% 20
\BOOKMARK [2][-]{subsection.2.4.2}{\376\377\000M\000\364\000\040\000h\000\354\000n\000h\000\040\000h\036\315\000c\000\040\000s\000\342\000u}{section.2.4}% 21
\BOOKMARK [2][-]{subsection.2.4.3}{\376\377\000T\000h\001\260\000\040\000v\000i\036\307\000n\000\040\000T\000e\000n\000s\000o\000r\000f\000l\000o\000w\000\040\000v\000\340\000\040\000K\000e\000r\000a\000s}{section.2.4}% 22
\BOOKMARK [0][-]{chapter.3}{\376\377\000C\000\341\000c\000\040\000c\000\364\000n\000g\000\040\000t\000r\000\354\000n\000h\000\040\000l\000i\000\352\000n\000\040\000q\000u\000a\000n}{}% 23
\BOOKMARK [1][-]{section.3.1}{\376\377\000P\000h\000\341\000t\000\040\000h\000i\036\307\000n\000\040\000t\036\245\000n\000\040\000c\000\364\000n\000g\000\040\000D\000D\000o\000S\000\040\000v\036\333\000i\000\040\000p\000h\001\260\001\241\000n\000g\000\040\000p\000h\000\341\000p\000\040\000t\000h\036\321\000n\000g\000\040\000k\000\352}{chapter.3}% 24
\BOOKMARK [1][-]{section.3.2}{\376\377\000P\000h\000\341\000t\000\040\000h\000i\036\307\000n\000\040\000D\000D\000o\000S\000\040\000v\036\333\000i\000\040\000p\000h\001\260\001\241\000n\000g\000\040\000p\000h\000\341\000p\000\040\000h\036\315\000c\000\040\000m\000\341\000y\000\040\000v\000\340\000\040\000h\036\315\000c\000\040\000s\000\342\000u}{chapter.3}% 25
\BOOKMARK [2][-]{subsection.3.2.1}{\376\377\000M\036\331\000t\000\040\000s\036\321\000\040\000d\000a\000t\000a\000s\000e\000t\000\040\001\021\001\260\036\343\000c\000\040\000s\036\355\000\040\000d\036\345\000n\000g\000\040\000h\000i\036\307\000n\000\040\000n\000a\000y}{section.3.2}% 26
\BOOKMARK [2][-]{subsection.3.2.2}{\376\377\000M\036\331\000t\000\040\000s\036\321\000\040\000c\000\364\000n\000g\000\040\000t\000r\000\354\000n\000h\000\040\000s\036\355\000\040\000d\036\345\000n\000g\000\040\000p\000h\001\260\001\241\000n\000g\000\040\000p\000h\000\341\000p\000\040\000h\036\315\000c\000\040\000m\000\341\000y}{section.3.2}% 27
\BOOKMARK [2][-]{subsection.3.2.3}{\376\377\000M\036\331\000t\000\040\000s\036\321\000\040\000c\000\364\000n\000g\000\040\000t\000r\000\354\000n\000h\000\040\000s\036\355\000\040\000d\036\345\000n\000g\000\040\000p\000h\001\260\001\241\000n\000g\000\040\000p\000h\000\341\000p\000\040\000h\036\315\000c\000\040\000s\000\342\000u}{section.3.2}% 28
\BOOKMARK [1][-]{section.3.3}{\376\377\000P\000h\000\341\000t\000\040\000h\000i\036\307\000n\000\040\000v\000\340\000\040\000p\000h\000\362\000n\000g\000\040\000t\000h\036\347\000\040\000D\000D\000o\000S\000\040\000t\000r\000o\000n\000g\000\040\000S\000D\000N}{chapter.3}% 29
\BOOKMARK [0][-]{chapter.4}{\376\377\000M\000\364\000\040\000h\000\354\000n\000h\000\040\000g\000i\036\243\000i\000\040\000p\000h\000\341\000p\000\040\000c\036\347\000a\000\040\001\021\036\301\000\040\000t\000\340\000i}{}% 30
\BOOKMARK [1][-]{section.4.1}{\376\377\000T\036\255\000p\000\040\000d\036\357\000\040\000l\000i\036\307\000u\000\040\000d\000\371\000n\000g\000\040\001\021\036\303\000\040\000h\000u\036\245\000n\000\040\000l\000u\000y\036\307\000n\000:\000\040\000C\000I\000C\000I\000D\000S\0002\0000\0001\0008}{chapter.4}% 31
\BOOKMARK [2][-]{subsection.4.1.1}{\376\377\000T\000i\036\301\000n\000\040\000x\036\355\000\040\000l\000\375\000\040\000v\000\340\000\040\000t\000h\036\321\000n\000g\000\040\000k\000\352\000\040\000d\036\357\000\040\000l\000i\036\307\000u}{section.4.1}% 32
\BOOKMARK [2][-]{subsection.4.1.2}{\376\377\000X\036\355\000\040\000l\000\375\000\040\000d\036\357\000\040\000l\000i\036\307\000u}{section.4.1}% 33
\BOOKMARK [1][-]{section.4.2}{\376\377\000C\000\341\000c\000\040\000m\000\364\000\040\000h\000\354\000n\000h\000\040\000h\000u\036\245\000n\000\040\000l\000u\000y\036\307\000n}{chapter.4}% 34
\BOOKMARK [2][-]{subsection.4.2.1}{\376\377\000C\000\341\000c\000\040\000c\000h\036\311\000\040\000s\036\321\000\040\001\021\000\341\000n\000h\000\040\000g\000i\000\341\000\040\000m\000\364\000\040\000h\000\354\000n\000h}{section.4.2}% 35
\BOOKMARK [2][-]{subsection.4.2.2}{\376\377\000M\000\364\000\040\000h\000\354\000n\000h\000\040\000h\036\315\000c\000\040\000m\000\341\000y}{section.4.2}% 36
\BOOKMARK [2][-]{subsection.4.2.3}{\376\377\000M\000\364\000\040\000h\000\354\000n\000h\000\040\000h\036\315\000c\000\040\000s\000\342\000u}{section.4.2}% 37
\BOOKMARK [2][-]{subsection.4.2.4}{\376\377\000S\000o\000\040\000s\000\341\000n\000h\000\040\001\021\000\341\000n\000h\000\040\000g\000i\000\341\000\040\000c\000\341\000c\000\040\000m\000\364\000\040\000h\000\354\000n\000h\000\040\000t\000r\000\352\000n\000\040\000t\036\255\000p\000\040\000I\000D\000S\000-\000t\000e\000s\000t}{section.4.2}% 38
\BOOKMARK [1][-]{section.4.3}{\376\377\000P\000h\000\341\000t\000\040\000t\000r\000i\036\303\000n\000\040\000p\000h\036\247\000n\000\040\000m\036\301\000m\000\040\000p\000h\000\341\000t\000\040\000h\000i\036\307\000n\000\040\000t\036\245\000n\000\040\000c\000\364\000n\000g\000\040\000D\000o\000S\000/\000D\000D\000o\000S\000\040\040\023\000\040\000I\000D\000S\000-\000D\000D\000o\000S}{chapter.4}% 39
\BOOKMARK [2][-]{subsection.4.3.1}{\376\377\000K\000i\036\277\000n\000\040\000t\000r\000\372\000c\000\040\000c\036\347\000a\000\040\000p\000h\036\247\000n\000\040\000m\036\301\000m}{section.4.3}% 40
\BOOKMARK [2][-]{subsection.4.3.2}{\376\377\000R\000\372\000t\000\040\000t\000r\000\355\000c\000h\000\040\000c\000\341\000c\000\040\001\021\036\267\000c\000\040\000t\000r\001\260\000n\000g}{section.4.3}% 41
\BOOKMARK [2][-]{subsection.4.3.3}{\376\377\000S\036\355\000\040\000d\036\345\000n\000g\000\040\000p\000h\036\247\000n\000\040\000m\036\301\000m}{section.4.3}% 42
\BOOKMARK [1][-]{section.4.4}{\376\377\000X\000\342\000y\000\040\000d\036\361\000n\000g\000\040\000S\000D\000N\000\040\000c\000o\000n\000t\000r\000o\000l\000l\000e\000r\000\040\000b\036\261\000n\000g\000\040\000R\000Y\000U}{chapter.4}% 43
\BOOKMARK [0][-]{chapter.5}{\376\377\000M\000\364\000\040\000h\000\354\000n\000h\000\040\000m\036\241\000n\000g\000\040\000t\000h\036\355\000\040\000n\000g\000h\000i\036\307\000m}{}% 44
\BOOKMARK [0][-]{chapter.6}{\376\377\000T\000h\036\355\000\040\000n\000g\000h\000i\036\307\000m\000\040\000v\000\340\000\040\000p\000h\000\342\000n\000\040\000t\000\355\000c\000h\000\040\000k\036\277\000t\000\040\000q\000u\036\243}{}% 45
\BOOKMARK [1][-]{section.6.1}{\376\377\000M\036\241\000n\000g\000\040\000S\000D\000N\000\040\000b\036\313\000\040\000t\036\245\000n\000\040\000c\000\364\000n\000g\000\040\000t\036\353\000\040\000b\000\352\000n\000\040\000n\000g\000o\000\340\000i}{chapter.6}% 46
\BOOKMARK [1][-]{section.6.2}{\376\377\000M\000\341\000y\000\040\000c\000o\000n\000\040\000t\000r\000o\000n\000g\000\040\000m\036\241\000n\000g\000\040\000S\000D\000N\000\040\000b\036\313\000\040\000l\036\343\000i\000\040\000d\036\345\000n\000g\000\040\000t\036\245\000n\000\040\000c\000\364\000n\000g\000\040\000r\000a\000\040\000b\000\352\000n\000\040\000n\000g\000o\000\340\000i}{chapter.6}% 47
\BOOKMARK [1][-]{section.6.3}{\376\377\000K\036\277\000t\000\040\000l\000u\036\255\000n\000\040\000k\036\277\000t\000\040\000q\000u\036\243\000\040\000k\000i\036\303\000m\000\040\000t\000h\036\355}{chapter.6}% 48
\BOOKMARK [0][-]{chapter.7}{\376\377\000T\036\325\000n\000g\000\040\000k\036\277\000t}{}% 49
\BOOKMARK [1][-]{section.7.1}{\376\377\000C\000\341\000c\000\040\000k\036\277\000t\000\040\000l\000u\036\255\000n\000\040\000t\036\353\000\040\001\021\036\301\000\040\000t\000\340\000i}{chapter.7}% 50
\BOOKMARK [1][-]{section.7.2}{\376\377\000K\036\277\000t\000\040\000q\000u\036\243\000\040\001\021\036\241\000t\000\040\001\021\001\260\036\343\000c}{chapter.7}% 51
\BOOKMARK [1][-]{section.7.3}{\376\377\000H\001\260\036\333\000n\000g\000\040\000p\000h\000\341\000t\000\040\000t\000r\000i\036\303\000n}{chapter.7}% 52
\BOOKMARK [1][-]{section.7.4}{\376\377\000L\036\335\000i\000\040\000k\036\277\000t}{chapter.7}% 53
